# JRE version: Java(TM) SE Runtime Environment (8.0_60-b27) (build 1.8.0_60-b27)
# Java VM: Java HotSpot(TM) 64-Bit Server VM (25.60-b23 mixed mode windows-amd64 compressed oops)
Heap:
 PSYoungGen      total 28672K, used 22822K [0x00000000d5d80000, 0x00000000d7e00000, 0x0000000100000000)
  eden space 24064K, 93% used [0x00000000d5d80000,0x00000000d7381988,0x00000000d7500000)
  from space 4608K, 6% used [0x00000000d7980000,0x00000000d79c8000,0x00000000d7e00000)
  to   space 4608K, 0% used [0x00000000d7500000,0x00000000d7500000,0x00000000d7980000)
 ParOldGen       total 44032K, used 12407K [0x0000000081800000, 0x0000000084300000, 0x00000000d5d80000)
  object space 44032K, 28% used [0x0000000081800000,0x000000008241de10,0x0000000084300000)
 Metaspace       used 22557K, capacity 22876K, committed 23296K, reserved 1069056K
  class space    used 2942K, capacity 3044K, committed 3072K, reserved 1048576K
GC Heap History (10 events):
Event: 890.564 GC heap before
{Heap before GC invocations=35 (full 1):
 PSYoungGen      total 30208K, used 24320K [0x00000000d5d80000, 0x00000000d8100000, 0x0000000100000000)
  eden space 24064K, 100% used [0x00000000d5d80000,0x00000000d7500000,0x00000000d7500000)
  from space 6144K, 4% used [0x00000000d7500000,0x00000000d7540000,0x00000000d7b00000)
  to   space 6144K, 0% used [0x00000000d7b00000,0x00000000d7b00000,0x00000000d8100000)
 ParOldGen       total 44032K, used 12375K [0x0000000081800000, 0x0000000084300000, 0x00000000d5d80000)
  object space 44032K, 28% used [0x0000000081800000,0x0000000082415e10,0x0000000084300000)
 Metaspace       used 22557K, capacity 22876K, committed 23296K, reserved 1069056K
  class space    used 2942K, capacity 3044K, committed 3072K, reserved 1048576K
Event: 890.566 GC heap after
Heap after GC invocations=35 (full 1):
 PSYoungGen      total 29184K, used 256K [0x00000000d5d80000, 0x00000000d8000000, 0x0000000100000000)
  eden space 24064K, 0% used [0x00000000d5d80000,0x00000000d5d80000,0x00000000d7500000)
  from space 5120K, 5% used [0x00000000d7b00000,0x00000000d7b40000,0x00000000d8000000)
  to   space 5632K, 0% used [0x00000000d7500000,0x00000000d7500000,0x00000000d7a80000)
 ParOldGen       total 44032K, used 12375K [0x0000000081800000, 0x0000000084300000, 0x00000000d5d80000)
  object space 44032K, 28% used [0x0000000081800000,0x0000000082415e10,0x0000000084300000)
 Metaspace       used 22557K, capacity 22876K, committed 23296K, reserved 1069056K
  class space    used 2942K, capacity 3044K, committed 3072K, reserved 1048576K
}
Event: 912.525 GC heap before
{Heap before GC invocations=36 (full 1):
 PSYoungGen      total 29184K, used 24320K [0x00000000d5d80000, 0x00000000d8000000, 0x0000000100000000)
  eden space 24064K, 100% used [0x00000000d5d80000,0x00000000d7500000,0x00000000d7500000)
  from space 5120K, 5% used [0x00000000d7b00000,0x00000000d7b40000,0x00000000d8000000)
  to   space 5632K, 0% used [0x00000000d7500000,0x00000000d7500000,0x00000000d7a80000)
 ParOldGen       total 44032K, used 12375K [0x0000000081800000, 0x0000000084300000, 0x00000000d5d80000)
  object space 44032K, 28% used [0x0000000081800000,0x0000000082415e10,0x0000000084300000)
 Metaspace       used 22557K, capacity 22876K, committed 23296K, reserved 1069056K
  class space    used 2942K, capacity 3044K, committed 3072K, reserved 1048576K
Event: 912.526 GC heap after
Heap after GC invocations=36 (full 1):
 PSYoungGen      total 24576K, used 224K [0x00000000d5d80000, 0x00000000d7f00000, 0x0000000100000000)
  eden space 24064K, 0% used [0x00000000d5d80000,0x00000000d5d80000,0x00000000d7500000)
  from space 512K, 43% used [0x00000000d7500000,0x00000000d7538000,0x00000000d7580000)
  to   space 5120K, 0% used [0x00000000d7a00000,0x00000000d7a00000,0x00000000d7f00000)
 ParOldGen       total 44032K, used 12383K [0x0000000081800000, 0x0000000084300000, 0x00000000d5d80000)
  object space 44032K, 28% used [0x0000000081800000,0x0000000082417e10,0x0000000084300000)
 Metaspace       used 22557K, capacity 22876K, committed 23296K, reserved 1069056K
  class space    used 2942K, capacity 3044K, committed 3072K, reserved 1048576K
}
Event: 933.141 GC heap before
{Heap before GC invocations=37 (full 1):
 PSYoungGen      total 24576K, used 24288K [0x00000000d5d80000, 0x00000000d7f00000, 0x0000000100000000)
  eden space 24064K, 100% used [0x00000000d5d80000,0x00000000d7500000,0x00000000d7500000)
  from space 512K, 43% used [0x00000000d7500000,0x00000000d7538000,0x00000000d7580000)
  to   space 5120K, 0% used [0x00000000d7a00000,0x00000000d7a00000,0x00000000d7f00000)
 ParOldGen       total 44032K, used 12383K [0x0000000081800000, 0x0000000084300000, 0x00000000d5d80000)
  object space 44032K, 28% used [0x0000000081800000,0x0000000082417e10,0x0000000084300000)
 Metaspace       used 22557K, capacity 22876K, committed 23296K, reserved 1069056K
  class space    used 2942K, capacity 3044K, committed 3072K, reserved 1048576K
Event: 933.142 GC heap after
Heap after GC invocations=37 (full 1):
 PSYoungGen      total 29184K, used 352K [0x00000000d5d80000, 0x00000000d7f00000, 0x0000000100000000)
  eden space 24064K, 0% used [0x00000000d5d80000,0x00000000d5d80000,0x00000000d7500000)
  from space 5120K, 6% used [0x00000000d7a00000,0x00000000d7a58000,0x00000000d7f00000)
  to   space 5120K, 0% used [0x00000000d7500000,0x00000000d7500000,0x00000000d7a00000)
 ParOldGen       total 44032K, used 12399K [0x0000000081800000, 0x0000000084300000, 0x00000000d5d80000)
  object space 44032K, 28% used [0x0000000081800000,0x000000008241be10,0x0000000084300000)
 Metaspace       used 22557K, capacity 22876K, committed 23296K, reserved 1069056K
  class space    used 2942K, capacity 3044K, committed 3072K, reserved 1048576K
}
Event: 954.509 GC heap before
{Heap before GC invocations=38 (full 1):
 PSYoungGen      total 29184K, used 24416K [0x00000000d5d80000, 0x00000000d7f00000, 0x0000000100000000)
  eden space 24064K, 100% used [0x00000000d5d80000,0x00000000d7500000,0x00000000d7500000)
  from space 5120K, 6% used [0x00000000d7a00000,0x00000000d7a58000,0x00000000d7f00000)
  to   space 5120K, 0% used [0x00000000d7500000,0x00000000d7500000,0x00000000d7a00000)
 ParOldGen       total 44032K, used 12399K [0x0000000081800000, 0x0000000084300000, 0x00000000d5d80000)
  object space 44032K, 28% used [0x0000000081800000,0x000000008241be10,0x0000000084300000)
 Metaspace       used 22557K, capacity 22876K, committed 23296K, reserved 1069056K
  class space    used 2942K, capacity 3044K, committed 3072K, reserved 1048576K
Event: 954.512 GC heap after
Heap after GC invocations=38 (full 1):
 PSYoungGen      total 24576K, used 256K [0x00000000d5d80000, 0x00000000d7e00000, 0x0000000100000000)
  eden space 24064K, 0% used [0x00000000d5d80000,0x00000000d5d80000,0x00000000d7500000)
  from space 512K, 50% used [0x00000000d7500000,0x00000000d7540000,0x00000000d7580000)
  to   space 4608K, 0% used [0x00000000d7980000,0x00000000d7980000,0x00000000d7e00000)
 ParOldGen       total 44032K, used 12407K [0x0000000081800000, 0x0000000084300000, 0x00000000d5d80000)
  object space 44032K, 28% used [0x0000000081800000,0x000000008241de10,0x0000000084300000)
 Metaspace       used 22557K, capacity 22876K, committed 23296K, reserved 1069056K
  class space    used 2942K, capacity 3044K, committed 3072K, reserved 1048576K
}
Event: 975.217 GC heap before
{Heap before GC invocations=39 (full 1):
 PSYoungGen      total 24576K, used 24320K [0x00000000d5d80000, 0x00000000d7e00000, 0x0000000100000000)
  eden space 24064K, 100% used [0x00000000d5d80000,0x00000000d7500000,0x00000000d7500000)
  from space 512K, 50% used [0x00000000d7500000,0x00000000d7540000,0x00000000d7580000)
  to   space 4608K, 0% used [0x00000000d7980000,0x00000000d7980000,0x00000000d7e00000)
 ParOldGen       total 44032K, used 12407K [0x0000000081800000, 0x0000000084300000, 0x00000000d5d80000)
  object space 44032K, 28% used [0x0000000081800000,0x000000008241de10,0x0000000084300000)
 Metaspace       used 22557K, capacity 22876K, committed 23296K, reserved 1069056K
  class space    used 2942K, capacity 3044K, committed 3072K, reserved 1048576K
Event: 975.218 GC heap after
Heap after GC invocations=39 (full 1):
 PSYoungGen      total 28672K, used 288K [0x00000000d5d80000, 0x00000000d7e00000, 0x0000000100000000)
  eden space 24064K, 0% used [0x00000000d5d80000,0x00000000d5d80000,0x00000000d7500000)
  from space 4608K, 6% used [0x00000000d7980000,0x00000000d79c8000,0x00000000d7e00000)
  to   space 4608K, 0% used [0x00000000d7500000,0x00000000d7500000,0x00000000d7980000)
 ParOldGen       total 44032K, used 12407K [0x0000000081800000, 0x0000000084300000, 0x00000000d5d80000)
  object space 44032K, 28% used [0x0000000081800000,0x000000008241de10,0x0000000084300000)
 Metaspace       used 22557K, capacity 22876K, committed 23296K, reserved 1069056K
  class space    used 2942K, capacity 3044K, committed 3072K, reserved 1048576K
}

